<?xml version="1.0" encoding="UTF-8" ?>
<testsuite errors="1" failures="0" hostname="sverkruy" name="tests.Sam" skipped="0" tests="1" time="0.0" timestamp="2018-12-03T02:55:24">
  <properties>
    <property name="java.vendor" value="Oracle Corporation" />
    <property name="env.SESSION_MANAGER" value="local/sverkruy:@/tmp/.ICE-unix/2824,unix/sverkruy:/tmp/.ICE-unix/2824" />
    <property name="env.IM_CONFIG_PHASE" value="1" />
    <property name="env.LIBOVERLAY_SCROLLBAR" value="0" />
    <property name="sun.java.launcher" value="SUN_STANDARD" />
    <property name="eclipse.pdebuild.templates" value="/home/sam/eclipse/plugins/org.eclipse.pde.build_3.10.100.v20180828-1915/templates" />
    <property name="env.QT_IM_MODULE" value="ibus" />
    <property name="sun.management.compiler" value="HotSpot 64-Bit Tiered Compilers" />
    <property name="env.GTK2_MODULES" value="overlay-scrollbar" />
    <property name="os.name" value="Linux" />
    <property name="env.UPSTART_SESSION" value="unix:abstract=/com/ubuntu/upstart-session/1000/2557" />
    <property name="sun.boot.class.path" value="/usr/lib/jvm/java-8-openjdk-amd64/jre/lib/resources.jar:/usr/lib/jvm/java-8-openjdk-amd64/jre/lib/rt.jar:/usr/lib/jvm/java-8-openjdk-amd64/jre/lib/sunrsasign.jar:/usr/lib/jvm/java-8-openjdk-amd64/jre/lib/jsse.jar:/usr/lib/jvm/java-8-openjdk-amd64/jre/lib/jce.jar:/usr/lib/jvm/java-8-openjdk-amd64/jre/lib/charsets.jar:/usr/lib/jvm/java-8-openjdk-amd64/jre/lib/jfr.jar:/usr/lib/jvm/java-8-openjdk-amd64/jre/classes" />
    <property name="env.PWD" value="/home/sam" />
    <property name="sun.desktop" value="gnome" />
    <property name="env.LIBVIRT_DEFAULT_URI" value="qemu:///system" />
    <property name="env.LANG" value="en_US.UTF-8" />
    <property name="java.vm.specification.vendor" value="Oracle Corporation" />
    <property name="env.XDG_MENU_PREFIX" value="gnome-" />
    <property name="ant.home" value="/home/sam/eclipse/plugins/org.apache.ant_1.10.5.v20180808-0324" />
    <property name="java.runtime.version" value="1.8.0_191-8u191-b12-0ubuntu0.16.04.1-b12" />
    <property name="env.GTK_IM_MODULE" value="ibus" />
    <property name="env.QT_LINUX_ACCESSIBILITY_ALWAYS_ON" value="1" />
    <property name="env.DEFAULTS_PATH" value="/usr/share/gconf/ubuntu.default.path" />
    <property name="env.XDG_VTNR" value="7" />
    <property name="env.DISPLAY" value=":0" />
    <property name="user.name" value="sam" />
    <property name="env.QT4_IM_MODULE" value="xim" />
    <property name="env.USER" value="sam" />
    <property name="env.SHELL" value="/bin/bash" />
    <property name="env.DESKTOP_SESSION" value="ubuntu" />
    <property name="env.XDG_DATA_DIRS" value="/usr/share/ubuntu:/usr/share/gnome:/usr/local/share:/usr/share:/var/lib/snapd/desktop" />
    <property name="env.PATH" value="/home/sam/bin:/home/sam/.local/bin:/usr/local/sbin:/usr/local/bin:/usr/sbin:/usr/bin:/sbin:/bin:/usr/games:/usr/local/games:/snap/bin" />
    <property name="env.XDG_CURRENT_DESKTOP" value="Unity" />
    <property name="user.language" value="en" />
    <property name="env.XDG_SESSION_DESKTOP" value="ubuntu" />
    <property name="ant.file.ootd" value="/home/sam/git/ootdrepository/ootd/build.xml" />
    <property name="sun.boot.library.path" value="/usr/lib/jvm/java-8-openjdk-amd64/jre/lib/amd64" />
    <property name="ant.project.default-target" value="build" />
    <property name="ant.file.type.ootd" value="file" />
    <property name="ant.project.name" value="ootd" />
    <property name="java.version" value="1.8.0_191" />
    <property name="user.timezone" value="" />
    <property name="env.DBUS_SESSION_BUS_ADDRESS" value="unix:abstract=/tmp/dbus-AIqWI0RIRl" />
    <property name="sun.arch.data.model" value="64" />
    <property name="env.COMPIZ_CONFIG_PROFILE" value="ubuntu" />
    <property name="java.endorsed.dirs" value="/usr/lib/jvm/java-8-openjdk-amd64/jre/lib/endorsed" />
    <property name="sun.cpu.isalist" value="" />
    <property name="sun.jnu.encoding" value="UTF-8" />
    <property name="file.encoding.pkg" value="sun.io" />
    <property name="env.SHLVL" value="0" />
    <property name="ECLIPSE_HOME" value="../../../eclipse/" />
    <property name="file.separator" value="/" />
    <property name="java.specification.name" value="Java Platform API Specification" />
    <property name="env.GNOME_DESKTOP_SESSION_ID" value="this-is-deprecated" />
    <property name="java.class.version" value="52.0" />
    <property name="env.GDMSESSION" value="ubuntu" />
    <property name="user.country" value="US" />
    <property name="env.GNOME_KEYRING_PID" value="" />
    <property name="java.home" value="/usr/lib/jvm/java-8-openjdk-amd64/jre" />
    <property name="env.PAM_KWALLET5_LOGIN" value="/tmp/kwallet5_sam.socket" />
    <property name="java.vm.info" value="mixed mode" />
    <property name="env.LOGNAME" value="sam" />
    <property name="ant.file" value="/home/sam/git/ootdrepository/ootd/build.xml" />
    <property name="os.version" value="4.15.0-39-generic" />
    <property name="path.separator" value=":" />
    <property name="java.vm.version" value="25.191-b12" />
    <property name="env.LANGUAGE" value="en_US" />
    <property name="ant.library.dir" value="/home/sam/eclipse/plugins/org.apache.ant_1.10.5.v20180808-0324/lib" />
    <property name="env.XDG_SESSION_PATH" value="/org/freedesktop/DisplayManager/Session0" />
    <property name="junit.output.dir" value="junit" />
    <property name="env.QT_QPA_PLATFORMTHEME" value="appmenu-qt5" />
    <property name="env.XDG_SESSION_TYPE" value="x11" />
    <property name="env.SESSIONTYPE" value="gnome-session" />
    <property name="java.awt.printerjob" value="sun.print.PSPrinterJob" />
    <property name="sun.io.unicode.encoding" value="UnicodeLittle" />
    <property name="env.OXYGEN_DISABLE_INNER_SHADOWS_HACK" value="1" />
    <property name="awt.toolkit" value="sun.awt.X11.XToolkit" />
    <property name="env.XMODIFIERS" value="@im=ibus" />
    <property name="eclipse.pdebuild.scripts" value="/home/sam/eclipse/plugins/org.eclipse.pde.build_3.10.100.v20180828-1915/scripts" />
    <property name="env.GDM_LANG" value="en_US" />
    <property name="target" value="1.8" />
    <property name="user.home" value="/home/sam" />
    <property name="env.JOB" value="dbus" />
    <property name="java.specification.vendor" value="Oracle Corporation" />
    <property name="java.vendor.url" value="http://java.oracle.com/" />
    <property name="java.library.path" value="/usr/java/packages/lib/amd64:/usr/lib/x86_64-linux-gnu/jni:/lib/x86_64-linux-gnu:/usr/lib/x86_64-linux-gnu:/usr/lib/jni:/lib:/usr/lib" />
    <property name="env.GIO_LAUNCHED_DESKTOP_FILE" value="/etc/xdg/autostart/nautilus-autostart.desktop" />
    <property name="java.vm.vendor" value="Oracle Corporation" />
    <property name="env.XDG_SEAT" value="seat0" />
    <property name="java.runtime.name" value="OpenJDK Runtime Environment" />
    <property name="ant.version" value="Apache Ant(TM) version 1.10.5 compiled on July 10 2018" />
    <property name="java.class.path" value="/home/sam/git/ootdrepository/ootd/target/classes:/home/sam/eclipse-workspace/lib/catalina-storeconfig.jar:/home/sam/eclipse-workspace/lib/annotations-api.jar:/home/sam/eclipse-workspace/lib/tomcat-util.jar:/home/sam/eclipse-workspace/lib/ecj-4.5.jar:/home/sam/eclipse-workspace/lib/jasper-el.jar:/home/sam/eclipse-workspace/lib/servlet-api.jar:/home/sam/eclipse-workspace/lib/websocket-api.jar:/home/sam/eclipse-workspace/lib/tomcat-util-scan.jar:/home/sam/eclipse-workspace/lib/el-api.jar:/home/sam/eclipse-workspace/lib/jsp-api.jar:/home/sam/eclipse-workspace/lib/tomcat-jdbc.jar:/home/sam/eclipse-workspace/lib/catalina.jar:/home/sam/eclipse-workspace/lib/tomcat-i18n-es.jar:/home/sam/eclipse-workspace/lib/tomcat-i18n-fr.jar:/home/sam/eclipse-workspace/lib/jasper.jar:/home/sam/eclipse-workspace/lib/catalina-tribes.jar:/home/sam/eclipse-workspace/lib/tomcat-i18n-ja.jar:/home/sam/eclipse-workspace/lib/tomcat-api.jar:/home/sam/eclipse-workspace/lib/catalina-ha.jar:/home/sam/eclipse-workspace/lib/tomcat-websocket.jar:/home/sam/eclipse-workspace/lib/tomcat-jni.jar:/home/sam/eclipse-workspace/lib/catalina-ant.jar:/home/sam/eclipse-workspace/lib/tomcat-coyote.jar:/home/sam/eclipse-workspace/lib/tomcat-dbcp.jar:/home/sam/.m2/repository/tk/plogitech/darksky-forecast-api/1.3.1/darksky-forecast-api-1.3.1.jar:/home/sam/Downloads/selenium-server-standalone-3.141.5.jar:/home/sam/Downloads/darksky-forecast-api-1.3.1.jar:/home/sam/eclipse/plugins/org.junit_4.12.0.v201504281640/junit.jar:/home/sam/eclipse/plugins/org.hamcrest.core_1.3.0.v20180420-1519.jar:/home/sam/eclipse/plugins/org.apache.ant_1.10.5.v20180808-0324/lib/ant-launcher.jar:/home/sam/eclipse/plugins/org.apache.ant_1.10.5.v20180808-0324/lib/ant.jar:/home/sam/eclipse/plugins/org.apache.ant_1.10.5.v20180808-0324/lib/ant-junit.jar:/home/sam/eclipse/plugins/org.apache.ant_1.10.5.v20180808-0324/lib/ant-junit4.jar" />
    <property name="sun.java.command" value="org.apache.tools.ant.taskdefs.optional.junit.JUnitTestRunner tests.Sam skipNonTests=false filtertrace=true haltOnError=false haltOnFailure=false formatter=org.apache.tools.ant.taskdefs.optional.junit.OutErrSummaryJUnitResultFormatter showoutput=false outputtoformatters=true logfailedtests=true threadid=0 logtestlistenerevents=false formatter=org.apache.tools.ant.taskdefs.optional.junit.XMLJUnitResultFormatter,/home/sam/git/ootdrepository/ootd/junit/TEST-tests.Sam.xml crashfile=/home/sam/git/ootdrepository/ootd/junitvmwatcher4996424275160329800.properties propsfile=/home/sam/git/ootdrepository/ootd/junit7900767987193564246.properties" />
    <property name="env.XDG_SESSION_ID" value="c2" />
    <property name="env.QT_ACCESSIBILITY" value="1" />
    <property name="java.vm.specification.name" value="Java Virtual Machine Specification" />
    <property name="java.vm.specification.version" value="1.8" />
    <property name="sun.os.patch.level" value="unknown" />
    <property name="sun.cpu.endian" value="little" />
    <property name="env.HOME" value="/home/sam" />
    <property name="debuglevel" value="source,lines,vars" />
    <property name="env.ANT_HOME" value="/home/sam/eclipse/plugins/org.apache.ant_1.10.5.v20180808-0324" />
    <property name="java.io.tmpdir" value="/tmp" />
    <property name="eclipse.pdebuild.home" value="/home/sam/eclipse/plugins/org.eclipse.pde.build_3.10.100.v20180828-1915/." />
    <property name="env.XDG_SEAT_PATH" value="/org/freedesktop/DisplayManager/Seat0" />
    <property name="java.vendor.url.bug" value="http://bugreport.sun.com/bugreport/" />
    <property name="env.SSH_AUTH_SOCK" value="/run/user/1000/keyring/ssh" />
    <property name="env.CLUTTER_IM_MODULE" value="xim" />
    <property name="java.awt.graphicsenv" value="sun.awt.X11GraphicsEnvironment" />
    <property name="os.arch" value="amd64" />
    <property name="env.INSTANCE" value="" />
    <property name="env.XDG_RUNTIME_DIR" value="/run/user/1000" />
    <property name="java.ext.dirs" value="/usr/lib/jvm/java-8-openjdk-amd64/jre/lib/ext:/usr/java/packages/lib/ext" />
    <property name="user.dir" value="/home/sam/git/ootdrepository/ootd" />
    <property name="env.XAUTHORITY" value="/home/sam/.Xauthority" />
    <property name="env.SESSION" value="ubuntu" />
    <property name="env.MANDATORY_PATH" value="/usr/share/gconf/ubuntu.mandatory.path" />
    <property name="env.GTK_MODULES" value="gail:atk-bridge:unity-gtk-module" />
    <property name="line.separator" value="&#xa;" />
    <property name="java.vm.name" value="OpenJDK 64-Bit Server VM" />
    <property name="env.GDK_CORE_DEVICE_EVENTS" value="1" />
    <property name="env.XDG_GREETER_DATA_DIR" value="/var/lib/lightdm-data/sam" />
    <property name="basedir" value="/home/sam/git/ootdrepository/ootd" />
    <property name="ant.java.version" value="1.8" />
    <property name="ant.core.lib" value="/home/sam/eclipse/plugins/org.apache.ant_1.10.5.v20180808-0324/lib/ant.jar" />
    <property name="source" value="1.8" />
    <property name="file.encoding" value="UTF-8" />
    <property name="env.GPG_AGENT_INFO" value="/home/sam/.gnupg/S.gpg-agent:0:1" />
    <property name="env.GIO_LAUNCHED_DESKTOP_FILE_PID" value="3068" />
    <property name="java.specification.version" value="1.8" />
    <property name="env.GNOME_KEYRING_CONTROL" value="" />
    <property name="ant.project.invoked-targets" value="build,Sam.nulltest,Sam.valuetest" />
    <property name="env.XDG_CONFIG_DIRS" value="/etc/xdg/xdg-ubuntu:/usr/share/upstart/xdg:/etc/xdg" />
  </properties>
  <error message="org/mockito/Mockito" type="java.lang.NoClassDefFoundError">java.lang.NoClassDefFoundError: org/mockito/Mockito
	at java.lang.ClassLoader.defineClass1(Native Method)
	at java.lang.ClassLoader.defineClass(ClassLoader.java:763)
	at java.security.SecureClassLoader.defineClass(SecureClassLoader.java:142)
	at java.net.URLClassLoader.defineClass(URLClassLoader.java:468)
	at java.net.URLClassLoader.access$100(URLClassLoader.java:74)
	at java.net.URLClassLoader$1.run(URLClassLoader.java:369)
	at java.net.URLClassLoader$1.run(URLClassLoader.java:363)
	at java.security.AccessController.doPrivileged(Native Method)
	at java.net.URLClassLoader.findClass(URLClassLoader.java:362)
	at java.lang.ClassLoader.loadClass(ClassLoader.java:424)
	at sun.misc.Launcher$AppClassLoader.loadClass(Launcher.java:349)
	at java.lang.ClassLoader.loadClass(ClassLoader.java:357)
	at java.lang.Class.forName0(Native Method)
	at java.lang.Class.forName(Class.java:348)
Caused by: java.lang.ClassNotFoundException: org.mockito.Mockito
	at java.net.URLClassLoader.findClass(URLClassLoader.java:382)
	at java.lang.ClassLoader.loadClass(ClassLoader.java:424)
	at sun.misc.Launcher$AppClassLoader.loadClass(Launcher.java:349)
	at java.lang.ClassLoader.loadClass(ClassLoader.java:357)
</error>
  <system-out><![CDATA[]]></system-out>
  <system-err><![CDATA[]]></system-err>
</testsuite>
